#
# There is insufficient memory for the Java Runtime Environment to continue.
# Native memory allocation (malloc) failed to allocate 65552 bytes for Chunk::new
# Possible reasons:
#   The system is out of physical RAM or swap space
#   In 32 bit mode, the process size limit was hit
# Possible solutions:
#   Reduce memory load on the system
#   Increase physical memory or swap space
#   Check if swap backing store is full
#   Use 64 bit Java on a 64 bit OS
#   Decrease Java heap size (-Xmx/-Xms)
#   Decrease number of Java threads
#   Decrease Java thread stack sizes (-Xss)
#   Set larger code cache with -XX:ReservedCodeCacheSize=
# This output file may be truncated or incomplete.
#
#  Out of Memory Error (allocation.cpp:390), pid=9236, tid=564
#
# JRE version: Java(TM) SE Runtime Environment (8.0_77-b03) (build 1.8.0_77-b03)
# Java VM: Java HotSpot(TM) 64-Bit Server VM (25.77-b03 mixed mode windows-amd64 compressed oops)
# Failed to write core dump. Minidumps are not enabled by default on client versions of Windows
#

---------------  T H R E A D  ---------------

Current thread (0x0000000014d5e800):  JavaThread "C2 CompilerThread1" daemon [_thread_in_native, id=564, stack(0x0000000016750000,0x0000000016850000)]

Stack: [0x0000000016750000,0x0000000016850000]
[error occurred during error reporting (printing stack bounds), id 0xc0000005]

Native frames: (J=compiled Java code, j=interpreted, Vv=VM code, C=native code)


Current CompileTask:
C2:   1592 1183       4       com.android.dx.ssa.SCCP::simulatePhi (169 bytes)


---------------  P R O C E S S  ---------------

Java Threads: ( => current thread )
  0x00000000164be000 JavaThread "pool-2-thread-4" [_thread_blocked, id=5240, stack(0x0000000016f50000,0x0000000017050000)]
  0x00000000164c2800 JavaThread "pool-2-thread-3" [_thread_blocked, id=8364, stack(0x0000000016e50000,0x0000000016f50000)]
  0x00000000164c1800 JavaThread "pool-2-thread-2" [_thread_in_Java, id=5764, stack(0x0000000016d50000,0x0000000016e50000)]
  0x00000000164b3000 JavaThread "pool-3-thread-1" [_thread_blocked, id=8072, stack(0x0000000016c50000,0x0000000016d50000)]
  0x00000000164af000 JavaThread "pool-2-thread-1" [_thread_in_vm, id=5884, stack(0x0000000016b50000,0x0000000016c50000)]
  0x00000000163da800 JavaThread "Service Thread" daemon [_thread_blocked, id=3596, stack(0x0000000016950000,0x0000000016a50000)]
  0x0000000016378000 JavaThread "C1 CompilerThread2" daemon [_thread_blocked, id=9520, stack(0x0000000016850000,0x0000000016950000)]
=>0x0000000014d5e800 JavaThread "C2 CompilerThread1" daemon [_thread_in_native, id=564, stack(0x0000000016750000,0x0000000016850000)]
  0x0000000014d5c800 JavaThread "C2 CompilerThread0" daemon [_thread_in_native, id=10084, stack(0x0000000016250000,0x0000000016350000)]
  0x0000000014d0c800 JavaThread "Attach Listener" daemon [_thread_blocked, id=9852, stack(0x0000000016150000,0x0000000016250000)]
  0x0000000014d59800 JavaThread "Signal Dispatcher" daemon [_thread_blocked, id=9488, stack(0x0000000016050000,0x0000000016150000)]
  0x000000000262a000 JavaThread "Finalizer" daemon [_thread_blocked, id=1868, stack(0x0000000015f50000,0x0000000016050000)]
  0x000000000261f000 JavaThread "Reference Handler" daemon [_thread_blocked, id=6148, stack(0x0000000015e50000,0x0000000015f50000)]
  0x000000000080d800 JavaThread "main" [_thread_blocked, id=8452, stack(0x0000000002010000,0x0000000002110000)]

Other Threads:
  0x0000000014cc7800 VMThread [stack: 0x0000000015d50000,0x0000000015e50000] [id=176]
  0x00000000163f8000 WatcherThread [stack: 0x0000000016a50000,0x0000000016b50000] [id=10008]

VM state:not at safepoint (normal execution)

VM Mutex/Monitor currently owned by a thread: None

Heap:
 PSYoungGen      total 37888K, used 8805K [0x00000000eab00000, 0x00000000ed500000, 0x0000000100000000)
  eden space 32768K, 11% used [0x00000000eab00000,0x00000000eae9d7c8,0x00000000ecb00000)
  from space 5120K, 99% used [0x00000000ecb00000,0x00000000ecffbcb8,0x00000000ed000000)
  to   space 5120K, 0% used [0x00000000ed000000,0x00000000ed000000,0x00000000ed500000)
 ParOldGen       total 86016K, used 1473K [0x00000000c0000000, 0x00000000c5400000, 0x00000000eab00000)
  object space 86016K, 1% used [0x00000000c0000000,0x00000000c01705c0,0x00000000c5400000)
 Metaspace       used 6008K, capacity 6902K, committed 7040K, reserved 1056768K
  class space    used 601K, capacity 622K, committed 640K, reserved 1048576K

Card table byte_map: [0x00000000119f0000,0x0000000011c00000] byte_map_base: 0x00000000113f0000

Marking Bits: (ParMarkBitMap*) 0x0000000062390600
 Begin Bits: [0x0000000012160000, 0x0000000013160000)
 End Bits:   [0x0000000013160000, 0x0000000014160000)

Polling page: 0x00000000001f0000

CodeCache: size=245760Kb used=4837Kb max_used=4837Kb free=240922Kb
 bounds [0x0000000002630000, 0x0000000002af0000, 0x0000000011630000]
 total_blobs=1467 nmethods=1196 adapters=184
 compilation: enabled

Compilation events (10 events):
Event: 1.572 Thread 0x0000000016378000 1202       3       com.android.dx.ssa.back.SsaToRop::removePhiFunctions (83 bytes)
Event: 1.573 Thread 0x0000000016378000 nmethod 1202 0x0000000002adbf50 code [0x0000000002adc220, 0x0000000002add5a8]
Event: 1.573 Thread 0x0000000016378000 1203       3       com.android.dx.ssa.back.IdenticalBlockCombiner::process (323 bytes)
Event: 1.575 Thread 0x0000000016378000 nmethod 1203 0x0000000002ade090 code [0x0000000002ade420, 0x0000000002ae08d8]
Event: 1.575 Thread 0x0000000016378000 1204       3       com.android.dx.ssa.SsaConverter::edgeSplitSuccessors (98 bytes)
Event: 1.576 Thread 0x0000000016378000 nmethod 1204 0x0000000002ae1b10 code [0x0000000002ae1d80, 0x0000000002ae2ba8]
Event: 1.576 Thread 0x0000000016378000 1205       3       com.android.dx.ssa.SsaConverter::placePhiFunctions (394 bytes)
Event: 1.579 Thread 0x0000000016378000 nmethod 1205 0x0000000002ae3550 code [0x0000000002ae3b00, 0x0000000002ae7128]
Event: 1.579 Thread 0x0000000016378000 1206       3       com.android.dx.ssa.back.LivenessAnalyzer::coInterferePhis (128 bytes)
Event: 1.581 Thread 0x0000000016378000 nmethod 1206 0x0000000002aea910 code [0x0000000002aeaba0, 0x0000000002aebe98]

GC Heap History (2 events):
Event: 1.532 GC heap before
{Heap before GC invocations=1 (full 0):
 PSYoungGen      total 37888K, used 32768K [0x00000000eab00000, 0x00000000ed500000, 0x0000000100000000)
  eden space 32768K, 100% used [0x00000000eab00000,0x00000000ecb00000,0x00000000ecb00000)
  from space 5120K, 0% used [0x00000000ed000000,0x00000000ed000000,0x00000000ed500000)
  to   space 5120K, 0% used [0x00000000ecb00000,0x00000000ecb00000,0x00000000ed000000)
 ParOldGen       total 86016K, used 0K [0x00000000c0000000, 0x00000000c5400000, 0x00000000eab00000)
  object space 86016K, 0% used [0x00000000c0000000,0x00000000c0000000,0x00000000c5400000)
 Metaspace       used 5983K, capacity 6838K, committed 7040K, reserved 1056768K
  class space    used 601K, capacity 622K, committed 640K, reserved 1048576K
Event: 1.561 GC heap after
Heap after GC invocations=1 (full 0):
 PSYoungGen      total 37888K, used 5103K [0x00000000eab00000, 0x00000000ed500000, 0x0000000100000000)
  eden space 32768K, 0% used [0x00000000eab00000,0x00000000eab00000,0x00000000ecb00000)
  from space 5120K, 99% used [0x00000000ecb00000,0x00000000ecffbcb8,0x00000000ed000000)
  to   space 5120K, 0% used [0x00000000ed000000,0x00000000ed000000,0x00000000ed500000)
 ParOldGen       total 86016K, used 1473K [0x00000000c0000000, 0x00000000c5400000, 0x00000000eab00000)
  object space 86016K, 1% used [0x00000000c0000000,0x00000000c01705c0,0x00000000c5400000)
 Metaspace       used 5983K, capacity 6838K, committed 7040K, reserved 1056768K
  class space    used 601K, capacity 622K, committed 640K, reserved 1048576K
}

Deoptimization events (9 events):
Event: 1.014 Thread 0x00000000164af000 Uncommon trap: reason=unstable_if action=reinterpret pc=0x000000000294652c method=com.android.dx.rop.code.RegisterSpecSet.put(Lcom/android/dx/rop/code/RegisterSpec;)V @ 77
Event: 1.387 Thread 0x00000000164af000 Uncommon trap: reason=null_check action=make_not_entrant pc=0x0000000002935e54 method=com.android.dx.ssa.SsaRenamer.getLocalForNewReg(I)Lcom/android/dx/rop/code/LocalItem; @ 19
Event: 1.418 Thread 0x00000000164c1800 Uncommon trap: reason=unstable_if action=reinterpret pc=0x0000000002945d3c method=com.android.dx.rop.code.RegisterSpec.equals(ILcom/android/dx/rop/type/TypeBearer;Lcom/android/dx/rop/code/LocalItem;)Z @ 42
Event: 1.514 Thread 0x00000000164c2800 Uncommon trap: reason=bimorphic action=maybe_recompile pc=0x0000000002a4bf70 method=com.android.dx.ssa.SCCP.setLatticeValueTo(IILcom/android/dx/rop/cst/Constant;)Z @ 43
Event: 1.514 Thread 0x00000000164c2800 Uncommon trap: reason=bimorphic action=maybe_recompile pc=0x0000000002a4bf70 method=com.android.dx.ssa.SCCP.setLatticeValueTo(IILcom/android/dx/rop/cst/Constant;)Z @ 43
Event: 1.515 Thread 0x00000000164c2800 Uncommon trap: reason=bimorphic action=maybe_recompile pc=0x00000000028bb6f0 method=java.util.HashMap.getNode(ILjava/lang/Object;)Ljava/util/HashMap$Node; @ 126
Event: 1.515 Thread 0x00000000164c2800 Uncommon trap: reason=class_check action=maybe_recompile pc=0x0000000002981d8c method=java.util.HashMap.putVal(ILjava/lang/Object;Ljava/lang/Object;ZZ)Ljava/lang/Object; @ 203
Event: 1.519 Thread 0x00000000164c2800 Uncommon trap: reason=bimorphic action=maybe_recompile pc=0x0000000002a4bf70 method=com.android.dx.ssa.SCCP.setLatticeValueTo(IILcom/android/dx/rop/cst/Constant;)Z @ 43
Event: 1.519 Thread 0x00000000164c2800 Uncommon trap: reason=bimorphic action=maybe_recompile pc=0x0000000002a4bf70 method=com.android.dx.ssa.SCCP.setLatticeValueTo(IILcom/android/dx/rop/cst/Constant;)Z @ 43

Internal exceptions (3 events):
Event: 0.082 Thread 0x000000000080d800 Exception <a 'java/lang/NoSuchMethodError': Method sun.misc.Unsafe.defineClass(Ljava/lang/String;[BII)Ljava/lang/Class; name or signature does not match> (0x00000000eab07cc0) thrown at [D:\re\workspace\8-2-build-windows-amd64-cygwin\jdk8u77\6540\hotspot\sr¿YtÀµ?
Event: 0.082 Thread 0x000000000080d800 Exception <a 'java/lang/NoSuchMethodError': Method sun.misc.Unsafe.prefetchRead(Ljava/lang/Object;J)V name or signature does not match> (0x00000000eab07fa8) thrown at [D:\re\workspace\8-2-build-windows-amd64-cygwin\jdk8u77\6540\hotspot\src\share\vm\prims\jöV¾2¤0ö?
Event: 1.387 Thread 0x00000000164af000 Implicit null exception at 0x000000000293412c to 0x0000000002935e09

Events (10 events):
Event: 1.515 Thread 0x00000000164c2800 DEOPT PACKING pc=0x0000000002981d8c sp=0x0000000016f4e730
Event: 1.515 Thread 0x00000000164c2800 DEOPT UNPACKING pc=0x000000000267582a sp=0x0000000016f4e6a8 mode 2
Event: 1.519 Thread 0x00000000164c2800 Uncommon trap: trap_request=0xffffffc6 fr.pc=0x0000000002a4bf70
Event: 1.519 Thread 0x00000000164c2800 DEOPT PACKING pc=0x0000000002a4bf70 sp=0x0000000016f4e6e0
Event: 1.519 Thread 0x00000000164c2800 DEOPT UNPACKING pc=0x000000000267582a sp=0x0000000016f4e628 mode 2
Event: 1.519 Thread 0x00000000164c2800 Uncommon trap: trap_request=0xffffffc6 fr.pc=0x0000000002a4bf70
Event: 1.519 Thread 0x00000000164c2800 DEOPT PACKING pc=0x0000000002a4bf70 sp=0x0000000016f4e780
Event: 1.519 Thread 0x00000000164c2800 DEOPT UNPACKING pc=0x000000000267582a sp=0x0000000016f4e6c8 mode 2
Event: 1.532 Executing VM operation: ParallelGCFailedAllocation
Event: 1.561 Executing VM operation: ParallelGCFailedAllocation done


Dynamic libraries:
0x00007ff782f50000 - 0x00007ff782f87000 	C:\Program Files\Java\jdk1.8.0_77\bin\java.exe
0x00007fff86980000 - 0x00007fff86b41000 	C:\WINDOWS\SYSTEM32\ntdll.dll
0x00007fff86760000 - 0x00007fff8680d000 	C:\WINDOWS\system32\KERNEL32.DLL
0x00007fff834b0000 - 0x00007fff83698000 	C:\WINDOWS\system32\KERNELBASE.dll
0x00007fff85b10000 - 0x00007fff85bb7000 	C:\WINDOWS\system32\ADVAPI32.dll
0x00007fff86380000 - 0x00007fff8641d000 	C:\WINDOWS\system32\msvcrt.dll
0x00007fff86420000 - 0x00007fff8647b000 	C:\WINDOWS\system32\sechost.dll
0x00007fff83fe0000 - 0x00007fff840fc000 	C:\WINDOWS\system32\RPCRT4.dll
0x00007fff85ec0000 - 0x00007fff86016000 	C:\WINDOWS\system32\USER32.dll
0x00007fff86020000 - 0x00007fff861a6000 	C:\WINDOWS\system32\GDI32.dll
0x00007fff70e10000 - 0x00007fff71084000 	C:\WINDOWS\WinSxS\amd64_microsoft.windows.common-controls_6595b64144ccf1df_6.0.10586.0_none_8c15ae12515e1c22\COMCTL32.dll
0x00007fff85c30000 - 0x00007fff85ead000 	C:\WINDOWS\system32\combase.dll
0x00007fff83420000 - 0x00007fff8348a000 	C:\WINDOWS\system32\bcryptPrimitives.dll
0x00007fff86810000 - 0x00007fff8684b000 	C:\WINDOWS\system32\IMM32.DLL
0x0000000061aa0000 - 0x0000000061b72000 	C:\Program Files\Java\jdk1.8.0_77\jre\bin\msvcr100.dll
0x0000000061b80000 - 0x0000000062410000 	C:\Program Files\Java\jdk1.8.0_77\jre\bin\server\jvm.dll
0x00007fff85eb0000 - 0x00007fff85eb8000 	C:\WINDOWS\system32\PSAPI.DLL
0x00007fff80760000 - 0x00007fff80769000 	C:\WINDOWS\SYSTEM32\WSOCK32.dll
0x00007fff85bc0000 - 0x00007fff85c2b000 	C:\WINDOWS\system32\WS2_32.dll
0x00007fff81220000 - 0x00007fff81243000 	C:\WINDOWS\SYSTEM32\WINMM.dll
0x00007fff78e30000 - 0x00007fff78e3a000 	C:\WINDOWS\SYSTEM32\VERSION.dll
0x00007fff811c0000 - 0x00007fff811ec000 	C:\WINDOWS\SYSTEM32\WINMMBASE.dll
0x00007fff83200000 - 0x00007fff83243000 	C:\WINDOWS\system32\cfgmgr32.dll
0x0000000061a90000 - 0x0000000061a9f000 	C:\Program Files\Java\jdk1.8.0_77\jre\bin\verify.dll
0x0000000061a60000 - 0x0000000061a89000 	C:\Program Files\Java\jdk1.8.0_77\jre\bin\java.dll
0x0000000061a40000 - 0x0000000061a56000 	C:\Program Files\Java\jdk1.8.0_77\jre\bin\zip.dll
0x00007fff84530000 - 0x00007fff85a8c000 	C:\WINDOWS\system32\SHELL32.dll
0x00007fff836a0000 - 0x00007fff83ce5000 	C:\WINDOWS\system32\windows.storage.dll
0x00007fff86630000 - 0x00007fff86682000 	C:\WINDOWS\system32\shlwapi.dll
0x00007fff83020000 - 0x00007fff8302f000 	C:\WINDOWS\system32\kernel.appcore.dll
0x00007fff83030000 - 0x00007fff830e5000 	C:\WINDOWS\system32\shcore.dll
0x00007fff82fc0000 - 0x00007fff8300b000 	C:\WINDOWS\system32\powrprof.dll
0x00007fff82fa0000 - 0x00007fff82fb4000 	C:\WINDOWS\system32\profapi.dll

VM Arguments:
jvm_args: -Djava.awt.headless=true -Xmx1024M -Dfile.encoding=GBK -Duser.country=CN -Duser.language=zh -Duser.variant 
java_command: com.android.dx.command.Main --dex --force-jumbo --num-threads=4 --multi-dex --output D:\as_workspace\kechengpai\Ketangpai\app\build\intermediates\transforms\dex\debug\folders\1000\10\instant-run_f74ecbf01abae71943083a9fea7ef0766011a958 D:\as_workspace\kechengpai\Ketangpai\app\build\intermediates\incremental-runtime-classes\debug\instant-run.jar
java_class_path (initial): D:\android\android-sdk-as\build-tools\23.0.2\lib\dx.jar
Launcher Type: SUN_STANDARD

Environment Variables:
JAVA_HOME=C:\Program Files\Java\jdk1.8.0_77
CLASSPATH=.;C:\Program Files\Java\jdk1.8.0_77\lib;C:\Program Files\Java\jdk1.8.0_77\lib\tools.jar
PATH=C:\ProgramData\Oracle\Java\javapath;C:\WINDOWS\system32;C:\WINDOWS;C:\WINDOWS\System32\Wbem;C:\WINDOWS\System32\WindowsPowerShell\v1.0\;C:\Program Files\Git\cmd;C:\kuai;C:\Program Files\Java\jdk1.8.0_77\bin;C:\Program Files\Java\jdk1.8.0_77\jre\bin
USERNAME=Administrator
OS=Windows_NT
PROCESSOR_IDENTIFIER=Intel64 Family 6 Model 60 Stepping 3, GenuineIntel



---------------  S Y S T E M  ---------------

OS: Windows 10.0 , 64 bit Build 10586 (10.0.10586.0)

CPU:total 4 (2 cores per cpu, 2 threads per core) family 6 model 60 stepping 3, cmov, cx8, fxsr, mmx, sse, sse2, sse3, ssse3, sse4.1, sse4.2, popcnt, avx, avx2, aes, clmul, erms, lzcnt, ht, tsc, tscinvbit, bmi1, bmi2

Memory: 4k page, physical 8256852k(606720k free), swap 14751384k(4128k free)

vm_info: Java HotSpot(TM) 64-Bit Server VM (25.77-b03) for windows-amd64 JRE (1.8.0_77-b03), built on Mar 20 2016 22:01:33 by "java_re" with MS VC++ 10.0 (VS2010)

time: Fri Apr 15 17:07:23 2016
elapsed time: 1 seconds (0d 0h 0m 1s)

