#
# There is insufficient memory for the Java Runtime Environment to continue.
# Native memory allocation (malloc) failed to allocate 32744 bytes for ChunkPool::allocate
# Possible reasons:
#   The system is out of physical RAM or swap space
#   In 32 bit mode, the process size limit was hit
# Possible solutions:
#   Reduce memory load on the system
#   Increase physical memory or swap space
#   Check if swap backing store is full
#   Use 64 bit Java on a 64 bit OS
#   Decrease Java heap size (-Xmx/-Xms)
#   Decrease number of Java threads
#   Decrease Java thread stack sizes (-Xss)
#   Set larger code cache with -XX:ReservedCodeCacheSize=
# This output file may be truncated or incomplete.
#
#  Out of Memory Error (allocation.cpp:273), pid=9892, tid=9444
#
# JRE version: Java(TM) SE Runtime Environment (8.0_77-b03) (build 1.8.0_77-b03)
# Java VM: Java HotSpot(TM) 64-Bit Server VM (25.77-b03 mixed mode windows-amd64 compressed oops)
# Failed to write core dump. Minidumps are not enabled by default on client versions of Windows
#

---------------  T H R E A D  ---------------

Current thread (0x000000001635b800):  JavaThread "C1 CompilerThread2" daemon [_thread_in_native, id=9444, stack(0x0000000016800000,0x0000000016900000)]

Stack: [0x0000000016800000,0x0000000016900000]
[error occurred during error reporting (printing stack bounds), id 0xc0000005]

Native frames: (J=compiled Java code, j=interpreted, Vv=VM code, C=native code)


Current CompileTask:
C1:    729  140   !   3       com.android.dx.cf.cst.ConstantPoolParser::parse0 (731 bytes)


---------------  P R O C E S S  ---------------

Java Threads: ( => current thread )
  0x0000000016448000 JavaThread "pool-3-thread-1" [_thread_blocked, id=9452, stack(0x0000000016c00000,0x0000000016d00000)]
  0x000000001643d000 JavaThread "pool-2-thread-1" [_thread_in_vm, id=1644, stack(0x0000000016b00000,0x0000000016c00000)]
  0x0000000016360000 JavaThread "Service Thread" daemon [_thread_blocked, id=8132, stack(0x0000000016900000,0x0000000016a00000)]
=>0x000000001635b800 JavaThread "C1 CompilerThread2" daemon [_thread_in_native, id=9444, stack(0x0000000016800000,0x0000000016900000)]
  0x0000000016358800 JavaThread "C2 CompilerThread1" daemon [_thread_blocked, id=9404, stack(0x0000000016700000,0x0000000016800000)]
  0x0000000014cfc000 JavaThread "C2 CompilerThread0" daemon [_thread_blocked, id=7912, stack(0x0000000016200000,0x0000000016300000)]
  0x0000000014cf9800 JavaThread "Attach Listener" daemon [_thread_blocked, id=9548, stack(0x0000000016100000,0x0000000016200000)]
  0x0000000014cad000 JavaThread "Signal Dispatcher" daemon [_thread_blocked, id=9340, stack(0x0000000016000000,0x0000000016100000)]
  0x00000000025ca000 JavaThread "Finalizer" daemon [_thread_blocked, id=9352, stack(0x0000000015f00000,0x0000000016000000)]
  0x00000000025bf000 JavaThread "Reference Handler" daemon [_thread_blocked, id=4912, stack(0x0000000015e00000,0x0000000015f00000)]
  0x00000000007dd800 JavaThread "main" [_thread_in_Java, id=6180, stack(0x00000000023d0000,0x00000000024d0000)]

Other Threads:
  0x0000000014c67800 VMThread [stack: 0x0000000015d00000,0x0000000015e00000] [id=9372]
  0x000000001639a800 WatcherThread [stack: 0x0000000016a00000,0x0000000016b00000] [id=5424]

VM state:not at safepoint (normal execution)

VM Mutex/Monitor currently owned by a thread: None

Heap:
 PSYoungGen      total 37888K, used 4587K [0x00000000eab00000, 0x00000000ed500000, 0x0000000100000000)
  eden space 32768K, 14% used [0x00000000eab00000,0x00000000eaf7af90,0x00000000ecb00000)
  from space 5120K, 0% used [0x00000000ed000000,0x00000000ed000000,0x00000000ed500000)
  to   space 5120K, 0% used [0x00000000ecb00000,0x00000000ecb00000,0x00000000ed000000)
 ParOldGen       total 86016K, used 0K [0x00000000c0000000, 0x00000000c5400000, 0x00000000eab00000)
  object space 86016K, 0% used [0x00000000c0000000,0x00000000c0000000,0x00000000c5400000)
 Metaspace       used 3789K, capacity 5072K, committed 5376K, reserved 1056768K
  class space    used 423K, capacity 456K, committed 512K, reserved 1048576K

Card table byte_map: [0x0000000011990000,0x0000000011ba0000] byte_map_base: 0x0000000011390000

Marking Bits: (ParMarkBitMap*) 0x0000000062390600
 Begin Bits: [0x0000000012100000, 0x0000000013100000)
 End Bits:   [0x0000000013100000, 0x0000000014100000)

Polling page: 0x00000000001f0000

CodeCache: size=245760Kb used=1317Kb max_used=1329Kb free=244442Kb
 bounds [0x00000000025d0000, 0x0000000002840000, 0x00000000115d0000]
 total_blobs=389 nmethods=141 adapters=161
 compilation: enabled

Compilation events (10 events):
Event: 0.725 Thread 0x000000001635b800  137   !   3       com.android.dx.rop.cst.StdConstantPool::getOrNull (13 bytes)
Event: 0.725 Thread 0x000000001635b800 nmethod 137 0x00000000027182d0 code [0x00000000027184c0, 0x0000000002718dc8]
Event: 0.725 Thread 0x000000001635b800  138       1       com.android.dx.rop.cst.CstString::isCategory2 (2 bytes)
Event: 0.725 Thread 0x000000001635b800 nmethod 138 0x0000000002711610 code [0x0000000002711760, 0x0000000002711870]
Event: 0.725 Thread 0x000000001635b800  139       3       java.util.HashMap::put (13 bytes)
Event: 0.726 Thread 0x0000000014cfc000  142       4       com.android.dx.util.ByteArray::checkOffsets (66 bytes)
Event: 0.726 Thread 0x000000001635b800 nmethod 139 0x0000000002717c50 code [0x0000000002717de0, 0x0000000002718198]
Event: 0.726 Thread 0x000000001635b800  140   !   3       com.android.dx.cf.cst.ConstantPoolParser::parse0 (731 bytes)
Event: 0.727 Thread 0x0000000014cfc000 nmethod 142 0x0000000002717990 code [0x0000000002717ac0, 0x0000000002717b78]
Event: 0.728 Thread 0x0000000016358800  147       4       com.android.dx.util.ByteArray::getUnsignedByte (14 bytes)

GC Heap History (0 events):
No events

Deoptimization events (0 events):
No events

Internal exceptions (2 events):
Event: 0.392 Thread 0x00000000007dd800 Exception <a 'java/lang/NoSuchMethodError': Method sun.misc.Unsafe.defineClass(Ljava/lang/String;[BII)Ljava/lang/Class; name or signature does not match> (0x00000000eab07cc0) thrown at [D:\re\workspace\8-2-build-windows-amd64-cygwin\jdk8u77\6540\hotspot\srvGA¢Ù?
Event: 0.392 Thread 0x00000000007dd800 Exception <a 'java/lang/NoSuchMethodError': Method sun.misc.Unsafe.prefetchRead(Ljava/lang/Object;J)V name or signature does not match> (0x00000000eab07fa8) thrown at [D:\re\workspace\8-2-build-windows-amd64-cygwin\jdk8u77\6540\hotspot\src\share\vm\prims\j

Events (10 events):
Event: 0.722 loading class com/android/dx/dex/cf/AttributeTranslator
Event: 0.722 loading class com/android/dx/dex/cf/AttributeTranslator done
Event: 0.724 loading class com/android/dx/rop/type/Prototype
Event: 0.724 loading class com/android/dx/rop/type/Prototype done
Event: 0.724 loading class com/android/dx/util/Warning
Event: 0.724 loading class com/android/dx/util/Warning done
Event: 0.724 loading class com/android/dx/rop/annotation/Annotations
Event: 0.724 loading class com/android/dx/rop/annotation/Annotations done
Event: 0.725 loading class com/android/dx/rop/code/AccessFlags
Event: 0.725 loading class com/android/dx/rop/code/AccessFlags done


Dynamic libraries:
0x00007ff782f50000 - 0x00007ff782f87000 	C:\Program Files\Java\jdk1.8.0_77\bin\java.exe
0x00007fff86980000 - 0x00007fff86b41000 	C:\WINDOWS\SYSTEM32\ntdll.dll
0x00007fff86760000 - 0x00007fff8680d000 	C:\WINDOWS\system32\KERNEL32.DLL
0x00007fff834b0000 - 0x00007fff83698000 	C:\WINDOWS\system32\KERNELBASE.dll
0x00007fff85b10000 - 0x00007fff85bb7000 	C:\WINDOWS\system32\ADVAPI32.dll
0x00007fff86380000 - 0x00007fff8641d000 	C:\WINDOWS\system32\msvcrt.dll
0x00007fff86420000 - 0x00007fff8647b000 	C:\WINDOWS\system32\sechost.dll
0x00007fff83fe0000 - 0x00007fff840fc000 	C:\WINDOWS\system32\RPCRT4.dll
0x00007fff85ec0000 - 0x00007fff86016000 	C:\WINDOWS\system32\USER32.dll
0x00007fff86020000 - 0x00007fff861a6000 	C:\WINDOWS\system32\GDI32.dll
0x00007fff70e10000 - 0x00007fff71084000 	C:\WINDOWS\WinSxS\amd64_microsoft.windows.common-controls_6595b64144ccf1df_6.0.10586.0_none_8c15ae12515e1c22\COMCTL32.dll
0x00007fff85c30000 - 0x00007fff85ead000 	C:\WINDOWS\system32\combase.dll
0x00007fff83420000 - 0x00007fff8348a000 	C:\WINDOWS\system32\bcryptPrimitives.dll
0x00007fff86810000 - 0x00007fff8684b000 	C:\WINDOWS\system32\IMM32.DLL
0x0000000061aa0000 - 0x0000000061b72000 	C:\Program Files\Java\jdk1.8.0_77\jre\bin\msvcr100.dll
0x0000000061b80000 - 0x0000000062410000 	C:\Program Files\Java\jdk1.8.0_77\jre\bin\server\jvm.dll
0x00007fff85eb0000 - 0x00007fff85eb8000 	C:\WINDOWS\system32\PSAPI.DLL
0x00007fff80760000 - 0x00007fff80769000 	C:\WINDOWS\SYSTEM32\WSOCK32.dll
0x00007fff85bc0000 - 0x00007fff85c2b000 	C:\WINDOWS\system32\WS2_32.dll
0x00007fff81220000 - 0x00007fff81243000 	C:\WINDOWS\SYSTEM32\WINMM.dll
0x00007fff78e30000 - 0x00007fff78e3a000 	C:\WINDOWS\SYSTEM32\VERSION.dll
0x00007fff811c0000 - 0x00007fff811ec000 	C:\WINDOWS\SYSTEM32\WINMMBASE.dll
0x00007fff83200000 - 0x00007fff83243000 	C:\WINDOWS\system32\cfgmgr32.dll
0x0000000061a90000 - 0x0000000061a9f000 	C:\Program Files\Java\jdk1.8.0_77\jre\bin\verify.dll
0x0000000061a60000 - 0x0000000061a89000 	C:\Program Files\Java\jdk1.8.0_77\jre\bin\java.dll
0x0000000061a40000 - 0x0000000061a56000 	C:\Program Files\Java\jdk1.8.0_77\jre\bin\zip.dll
0x00007fff84530000 - 0x00007fff85a8c000 	C:\WINDOWS\system32\SHELL32.dll
0x00007fff836a0000 - 0x00007fff83ce5000 	C:\WINDOWS\system32\windows.storage.dll
0x00007fff86630000 - 0x00007fff86682000 	C:\WINDOWS\system32\shlwapi.dll
0x00007fff83020000 - 0x00007fff8302f000 	C:\WINDOWS\system32\kernel.appcore.dll
0x00007fff83030000 - 0x00007fff830e5000 	C:\WINDOWS\system32\shcore.dll
0x00007fff82fc0000 - 0x00007fff8300b000 	C:\WINDOWS\system32\powrprof.dll
0x00007fff82fa0000 - 0x00007fff82fb4000 	C:\WINDOWS\system32\profapi.dll

VM Arguments:
jvm_args: -Djava.awt.headless=true -Xmx1024M -Dfile.encoding=GBK -Duser.country=CN -Duser.language=zh -Duser.variant 
java_command: com.android.dx.command.Main --dex --force-jumbo --num-threads=4 --multi-dex --output D:\as_workspace\kechengpai\Ketangpai\app\build\intermediates\transforms\dex\debug\folders\1000\5\slice_8 D:\as_workspace\kechengpai\Ketangpai\app\build\intermediates\transforms\instantRunSlicer\debug\folders\1\5\slice_8
java_class_path (initial): D:\android\android-sdk-as\build-tools\23.0.2\lib\dx.jar
Launcher Type: SUN_STANDARD

Environment Variables:
JAVA_HOME=C:\Program Files\Java\jdk1.8.0_77
CLASSPATH=.;C:\Program Files\Java\jdk1.8.0_77\lib;C:\Program Files\Java\jdk1.8.0_77\lib\tools.jar
PATH=C:\ProgramData\Oracle\Java\javapath;C:\WINDOWS\system32;C:\WINDOWS;C:\WINDOWS\System32\Wbem;C:\WINDOWS\System32\WindowsPowerShell\v1.0\;C:\Program Files\Git\cmd;C:\kuai;C:\Program Files\Java\jdk1.8.0_77\bin;C:\Program Files\Java\jdk1.8.0_77\jre\bin
USERNAME=Administrator
OS=Windows_NT
PROCESSOR_IDENTIFIER=Intel64 Family 6 Model 60 Stepping 3, GenuineIntel



---------------  S Y S T E M  ---------------

OS: Windows 10.0 , 64 bit Build 10586 (10.0.10586.0)

CPU:total 4 (2 cores per cpu, 2 threads per core) family 6 model 60 stepping 3, cmov, cx8, fxsr, mmx, sse, sse2, sse3, ssse3, sse4.1, sse4.2, popcnt, avx, avx2, aes, clmul, erms, lzcnt, ht, tsc, tscinvbit, bmi1, bmi2

Memory: 4k page, physical 8256852k(304352k free), swap 14751384k(4100k free)

vm_info: Java HotSpot(TM) 64-Bit Server VM (25.77-b03) for windows-amd64 JRE (1.8.0_77-b03), built on Mar 20 2016 22:01:33 by "java_re" with MS VC++ 10.0 (VS2010)

time: Fri Apr 15 17:06:43 2016
elapsed time: 0 seconds (0d 0h 0m 0s)

