#
# There is insufficient memory for the Java Runtime Environment to continue.
# Native memory allocation (malloc) failed to allocate 32744 bytes for ChunkPool::allocate
# Possible reasons:
#   The system is out of physical RAM or swap space
#   In 32 bit mode, the process size limit was hit
# Possible solutions:
#   Reduce memory load on the system
#   Increase physical memory or swap space
#   Check if swap backing store is full
#   Use 64 bit Java on a 64 bit OS
#   Decrease Java heap size (-Xmx/-Xms)
#   Decrease number of Java threads
#   Decrease Java thread stack sizes (-Xss)
#   Set larger code cache with -XX:ReservedCodeCacheSize=
# This output file may be truncated or incomplete.
#
#  Out of Memory Error (allocation.cpp:273), pid=6692, tid=7448
#
# JRE version: Java(TM) SE Runtime Environment (8.0_77-b03) (build 1.8.0_77-b03)
# Java VM: Java HotSpot(TM) 64-Bit Server VM (25.77-b03 mixed mode windows-amd64 compressed oops)
# Failed to write core dump. Minidumps are not enabled by default on client versions of Windows
#

---------------  T H R E A D  ---------------

Current thread (0x0000000014dce000):  JavaThread "C2 CompilerThread0" daemon [_thread_in_native, id=7448, stack(0x0000000016320000,0x0000000016420000)]

Stack: [0x0000000016320000,0x0000000016420000]
[error occurred during error reporting (printing stack bounds), id 0xc0000005]

Native frames: (J=compiled Java code, j=interpreted, Vv=VM code, C=native code)


Current CompileTask:
C2:    447  780       4       com.android.dx.ssa.back.LivenessAnalyzer::handleTailRecursion (94 bytes)


---------------  P R O C E S S  ---------------

Java Threads: ( => current thread )
  0x00000000165e9800 JavaThread "pool-2-thread-3" [_thread_in_Java, id=6540, stack(0x0000000016f20000,0x0000000017020000)]
  0x00000000165d4000 JavaThread "pool-3-thread-1" [_thread_blocked, id=7280, stack(0x0000000016d20000,0x0000000016e20000)]
  0x00000000164b4000 JavaThread "Service Thread" daemon [_thread_blocked, id=2552, stack(0x0000000016a20000,0x0000000016b20000)]
  0x0000000016429800 JavaThread "C1 CompilerThread2" daemon [_thread_in_native, id=10232, stack(0x0000000016920000,0x0000000016a20000)]
  0x0000000016426800 JavaThread "C2 CompilerThread1" daemon [_thread_in_native, id=9288, stack(0x0000000016820000,0x0000000016920000)]
=>0x0000000014dce000 JavaThread "C2 CompilerThread0" daemon [_thread_in_native, id=7448, stack(0x0000000016320000,0x0000000016420000)]
  0x0000000014dcb800 JavaThread "Attach Listener" daemon [_thread_blocked, id=10148, stack(0x0000000016220000,0x0000000016320000)]
  0x0000000014d7f800 JavaThread "Signal Dispatcher" daemon [_thread_blocked, id=1348, stack(0x0000000016120000,0x0000000016220000)]
  0x0000000014d5a800 JavaThread "Finalizer" daemon [_thread_blocked, id=5068, stack(0x0000000015fc0000,0x00000000160c0000)]
  0x0000000002691000 JavaThread "Reference Handler" daemon [_thread_blocked, id=8540, stack(0x0000000015ec0000,0x0000000015fc0000)]
  0x00000000020fd800 JavaThread "main" [_thread_blocked, id=10028, stack(0x00000000024a0000,0x00000000025a0000)]

Other Threads:
  0x0000000014d38000 VMThread [stack: 0x0000000015dc0000,0x0000000015ec0000] [id=9532]
  0x00000000164e1000 WatcherThread [stack: 0x0000000016b20000,0x0000000016c20000] [id=10040]

VM state:not at safepoint (normal execution)

VM Mutex/Monitor currently owned by a thread: None

Heap:
 PSYoungGen      total 37888K, used 16650K [0x00000000eab00000, 0x00000000ed500000, 0x0000000100000000)
  eden space 32768K, 50% used [0x00000000eab00000,0x00000000ebb429d0,0x00000000ecb00000)
  from space 5120K, 0% used [0x00000000ed000000,0x00000000ed000000,0x00000000ed500000)
  to   space 5120K, 0% used [0x00000000ecb00000,0x00000000ecb00000,0x00000000ed000000)
 ParOldGen       total 86016K, used 0K [0x00000000c0000000, 0x00000000c5400000, 0x00000000eab00000)
  object space 86016K, 0% used [0x00000000c0000000,0x00000000c0000000,0x00000000c5400000)
 Metaspace       used 5771K, capacity 6712K, committed 6784K, reserved 1056768K
  class space    used 599K, capacity 624K, committed 640K, reserved 1048576K

Card table byte_map: [0x0000000011a60000,0x0000000011c70000] byte_map_base: 0x0000000011460000

Marking Bits: (ParMarkBitMap*) 0x0000000062390600
 Begin Bits: [0x00000000121d0000, 0x00000000131d0000)
 End Bits:   [0x00000000131d0000, 0x00000000141d0000)

Polling page: 0x00000000001f0000

CodeCache: size=245760Kb used=3254Kb max_used=3254Kb free=242505Kb
 bounds [0x00000000026a0000, 0x00000000029e0000, 0x00000000116a0000]
 total_blobs=1073 nmethods=800 adapters=184
 compilation: enabled

Compilation events (10 events):
Event: 0.427 Thread 0x0000000016429800 nmethod 807 0x000000000299bc10 code [0x000000000299c080, 0x000000000299fb18]
Event: 0.427 Thread 0x0000000016429800  816       3       com.android.dx.cf.code.BaseMachine::storeResults (90 bytes)
Event: 0.427 Thread 0x0000000016429800 nmethod 816 0x00000000029a1f50 code [0x00000000029a2140, 0x00000000029a2c08]
Event: 0.427 Thread 0x0000000016429800  818       3       com.android.dx.cf.code.RopperMachine::getSources (264 bytes)
Event: 0.429 Thread 0x0000000016426800 nmethod 779 0x00000000029a6410 code [0x00000000029a65a0, 0x00000000029a6c88]
Event: 0.429 Thread 0x0000000016426800  797       4       java.util.Arrays::copyOf (46 bytes)
Event: 0.430 Thread 0x0000000016429800 nmethod 818 0x00000000029a72d0 code [0x00000000029a78e0, 0x00000000029ac278]
Event: 0.430 Thread 0x0000000016429800  817   !   3       com.android.dx.cf.code.RopperMachine::run (1550 bytes)
Event: 0.430 Thread 0x0000000016426800 nmethod 797 0x000000000298c210 code [0x000000000298c360, 0x000000000298c4f8]
Event: 0.430 Thread 0x0000000016426800  803       4       com.android.dx.ssa.back.LivenessAnalyzer::liveOutAtStatement (61 bytes)

GC Heap History (0 events):
No events

Deoptimization events (5 events):
Event: 0.294 Thread 0x00000000165cd800 Uncommon trap: reason=unstable_if action=reinterpret pc=0x0000000002879484 method=java.util.HashMap.getNode(ILjava/lang/Object;)Ljava/util/HashMap$Node; @ 62
Event: 0.407 Thread 0x00000000165e9800 Uncommon trap: reason=bimorphic action=maybe_recompile pc=0x000000000293f52c method=com.android.dx.ssa.NormalSsaInsn.accept(Lcom/android/dx/ssa/SsaInsn$Visitor;)V @ 9
Event: 0.407 Thread 0x00000000165e9800 Uncommon trap: reason=bimorphic action=maybe_recompile pc=0x000000000293f52c method=com.android.dx.ssa.NormalSsaInsn.accept(Lcom/android/dx/ssa/SsaInsn$Visitor;)V @ 9
Event: 0.407 Thread 0x00000000165e9800 Uncommon trap: reason=bimorphic action=maybe_recompile pc=0x000000000293f52c method=com.android.dx.ssa.NormalSsaInsn.accept(Lcom/android/dx/ssa/SsaInsn$Visitor;)V @ 9
Event: 0.407 Thread 0x00000000165e9800 Uncommon trap: reason=bimorphic action=maybe_recompile pc=0x000000000293f52c method=com.android.dx.ssa.NormalSsaInsn.accept(Lcom/android/dx/ssa/SsaInsn$Visitor;)V @ 9

Internal exceptions (2 events):
Event: 0.029 Thread 0x00000000020fd800 Exception <a 'java/lang/NoSuchMethodError': Method sun.misc.Unsafe.defineClass(Ljava/lang/String;[BII)Ljava/lang/Class; name or signature does not match> (0x00000000eab07cc0) thrown at [D:\re\workspace\8-2-build-windows-amd64-cygwin\jdk8u77\6540\hotspot\srñ?‘_hBž?
Event: 0.030 Thread 0x00000000020fd800 Exception <a 'java/lang/NoSuchMethodError': Method sun.misc.Unsafe.prefetchRead(Ljava/lang/Object;J)V name or signature does not match> (0x00000000eab07fa8) thrown at [D:\re\workspace\8-2-build-windows-amd64-cygwin\jdk8u77\6540\hotspot\src\share\vm\prims\j

Events (10 events):
Event: 0.407 Thread 0x00000000165e9800 Uncommon trap: trap_request=0xffffffc6 fr.pc=0x000000000293f52c
Event: 0.407 Thread 0x00000000165e9800 DEOPT PACKING pc=0x000000000293f52c sp=0x000000001701e8a0
Event: 0.407 Thread 0x00000000165e9800 DEOPT UNPACKING pc=0x00000000026e582a sp=0x000000001701e860 mode 2
Event: 0.407 Thread 0x00000000165e9800 Uncommon trap: trap_request=0xffffffc6 fr.pc=0x000000000293f52c
Event: 0.407 Thread 0x00000000165e9800 DEOPT PACKING pc=0x000000000293f52c sp=0x000000001701eb50
Event: 0.407 Thread 0x00000000165e9800 DEOPT UNPACKING pc=0x00000000026e582a sp=0x000000001701eb10 mode 2
Event: 0.407 Thread 0x00000000165e9800 Uncommon trap: trap_request=0xffffffc6 fr.pc=0x000000000293f52c
Event: 0.407 Thread 0x00000000165e9800 DEOPT PACKING pc=0x000000000293f52c sp=0x000000001701eb80
Event: 0.407 Thread 0x00000000165e9800 DEOPT UNPACKING pc=0x00000000026e582a sp=0x000000001701eb40 mode 2
Event: 0.441 Thread 0x00000000165ea800 Thread exited: 0x00000000165ea800


Dynamic libraries:
0x00007ff782f50000 - 0x00007ff782f87000 	C:\Program Files\Java\jdk1.8.0_77\bin\java.exe
0x00007fff86980000 - 0x00007fff86b41000 	C:\WINDOWS\SYSTEM32\ntdll.dll
0x00007fff86760000 - 0x00007fff8680d000 	C:\WINDOWS\system32\KERNEL32.DLL
0x00007fff834b0000 - 0x00007fff83698000 	C:\WINDOWS\system32\KERNELBASE.dll
0x00007fff85b10000 - 0x00007fff85bb7000 	C:\WINDOWS\system32\ADVAPI32.dll
0x00007fff86380000 - 0x00007fff8641d000 	C:\WINDOWS\system32\msvcrt.dll
0x00007fff86420000 - 0x00007fff8647b000 	C:\WINDOWS\system32\sechost.dll
0x00007fff83fe0000 - 0x00007fff840fc000 	C:\WINDOWS\system32\RPCRT4.dll
0x00007fff85ec0000 - 0x00007fff86016000 	C:\WINDOWS\system32\USER32.dll
0x00007fff86020000 - 0x00007fff861a6000 	C:\WINDOWS\system32\GDI32.dll
0x00007fff70e10000 - 0x00007fff71084000 	C:\WINDOWS\WinSxS\amd64_microsoft.windows.common-controls_6595b64144ccf1df_6.0.10586.0_none_8c15ae12515e1c22\COMCTL32.dll
0x00007fff85c30000 - 0x00007fff85ead000 	C:\WINDOWS\system32\combase.dll
0x00007fff83420000 - 0x00007fff8348a000 	C:\WINDOWS\system32\bcryptPrimitives.dll
0x00007fff86810000 - 0x00007fff8684b000 	C:\WINDOWS\system32\IMM32.DLL
0x0000000061aa0000 - 0x0000000061b72000 	C:\Program Files\Java\jdk1.8.0_77\jre\bin\msvcr100.dll
0x0000000061b80000 - 0x0000000062410000 	C:\Program Files\Java\jdk1.8.0_77\jre\bin\server\jvm.dll
0x00007fff85eb0000 - 0x00007fff85eb8000 	C:\WINDOWS\system32\PSAPI.DLL
0x00007fff80760000 - 0x00007fff80769000 	C:\WINDOWS\SYSTEM32\WSOCK32.dll
0x00007fff81220000 - 0x00007fff81243000 	C:\WINDOWS\SYSTEM32\WINMM.dll
0x00007fff85bc0000 - 0x00007fff85c2b000 	C:\WINDOWS\system32\WS2_32.dll
0x00007fff78e30000 - 0x00007fff78e3a000 	C:\WINDOWS\SYSTEM32\VERSION.dll
0x0000000002040000 - 0x000000000206c000 	C:\WINDOWS\SYSTEM32\WINMMBASE.dll
0x00007fff83200000 - 0x00007fff83243000 	C:\WINDOWS\system32\cfgmgr32.dll
0x0000000061a90000 - 0x0000000061a9f000 	C:\Program Files\Java\jdk1.8.0_77\jre\bin\verify.dll
0x0000000061a60000 - 0x0000000061a89000 	C:\Program Files\Java\jdk1.8.0_77\jre\bin\java.dll
0x0000000061a40000 - 0x0000000061a56000 	C:\Program Files\Java\jdk1.8.0_77\jre\bin\zip.dll
0x00007fff84530000 - 0x00007fff85a8c000 	C:\WINDOWS\system32\SHELL32.dll
0x00007fff836a0000 - 0x00007fff83ce5000 	C:\WINDOWS\system32\windows.storage.dll
0x00007fff86630000 - 0x00007fff86682000 	C:\WINDOWS\system32\shlwapi.dll
0x00007fff83020000 - 0x00007fff8302f000 	C:\WINDOWS\system32\kernel.appcore.dll
0x00007fff83030000 - 0x00007fff830e5000 	C:\WINDOWS\system32\shcore.dll
0x00007fff82fc0000 - 0x00007fff8300b000 	C:\WINDOWS\system32\powrprof.dll
0x00007fff82fa0000 - 0x00007fff82fb4000 	C:\WINDOWS\system32\profapi.dll

VM Arguments:
jvm_args: -Djava.awt.headless=true -Xmx1024M -Dfile.encoding=GBK -Duser.country=CN -Duser.language=zh -Duser.variant 
java_command: com.android.dx.command.Main --dex --force-jumbo --num-threads=4 --multi-dex --output D:\as_workspace\kechengpai\Ketangpai\app\build\intermediates\transforms\dex\debug\folders\1000\10\com.android.support-cardview-v7-23.1.1_684a8ca01f3a8a185a7b62aa1060f5af8d1f3070 D:\as_workspace\kechengpai\Ketangpai\app\build\intermediates\exploded-aar\com.android.support\cardview-v7\23.1.1\jars\classes.jar
java_class_path (initial): D:\android\android-sdk-as\build-tools\23.0.2\lib\dx.jar
Launcher Type: SUN_STANDARD

Environment Variables:
JAVA_HOME=C:\Program Files\Java\jdk1.8.0_77
CLASSPATH=.;C:\Program Files\Java\jdk1.8.0_77\lib;C:\Program Files\Java\jdk1.8.0_77\lib\tools.jar
PATH=C:\ProgramData\Oracle\Java\javapath;C:\WINDOWS\system32;C:\WINDOWS;C:\WINDOWS\System32\Wbem;C:\WINDOWS\System32\WindowsPowerShell\v1.0\;C:\Program Files\Git\cmd;C:\kuai;C:\Program Files\Java\jdk1.8.0_77\bin;C:\Program Files\Java\jdk1.8.0_77\jre\bin
USERNAME=Administrator
OS=Windows_NT
PROCESSOR_IDENTIFIER=Intel64 Family 6 Model 60 Stepping 3, GenuineIntel



---------------  S Y S T E M  ---------------

OS: Windows 10.0 , 64 bit Build 10586 (10.0.10586.0)

CPU:total 4 (2 cores per cpu, 2 threads per core) family 6 model 60 stepping 3, cmov, cx8, fxsr, mmx, sse, sse2, sse3, ssse3, sse4.1, sse4.2, popcnt, avx, avx2, aes, clmul, erms, lzcnt, ht, tsc, tscinvbit, bmi1, bmi2

Memory: 4k page, physical 8256852k(668944k free), swap 14751384k(4096k free)

vm_info: Java HotSpot(TM) 64-Bit Server VM (25.77-b03) for windows-amd64 JRE (1.8.0_77-b03), built on Mar 20 2016 22:01:33 by "java_re" with MS VC++ 10.0 (VS2010)

time: Fri Apr 15 17:07:18 2016
elapsed time: 0 seconds (0d 0h 0m 0s)

