#
# There is insufficient memory for the Java Runtime Environment to continue.
# Native memory allocation (malloc) failed to allocate 1466016 bytes for Chunk::new
# Possible reasons:
#   The system is out of physical RAM or swap space
#   In 32 bit mode, the process size limit was hit
# Possible solutions:
#   Reduce memory load on the system
#   Increase physical memory or swap space
#   Check if swap backing store is full
#   Use 64 bit Java on a 64 bit OS
#   Decrease Java heap size (-Xmx/-Xms)
#   Decrease number of Java threads
#   Decrease Java thread stack sizes (-Xss)
#   Set larger code cache with -XX:ReservedCodeCacheSize=
# This output file may be truncated or incomplete.
#
#  Out of Memory Error (allocation.cpp:390), pid=9588, tid=4656
#
# JRE version: Java(TM) SE Runtime Environment (8.0_77-b03) (build 1.8.0_77-b03)
# Java VM: Java HotSpot(TM) 64-Bit Server VM (25.77-b03 mixed mode windows-amd64 compressed oops)
# Failed to write core dump. Minidumps are not enabled by default on client versions of Windows
#

---------------  T H R E A D  ---------------

Current thread (0x0000000014e3e000):  JavaThread "C2 CompilerThread0" daemon [_thread_in_native, id=4656, stack(0x0000000016330000,0x0000000016430000)]

Stack: [0x0000000016330000,0x0000000016430000]
[error occurred during error reporting (printing stack bounds), id 0xc0000005]

Native frames: (J=compiled Java code, j=interpreted, Vv=VM code, C=native code)


Current CompileTask:
C2:   1017 1279   !   4       com.android.dx.cf.code.BytecodeArray::parseInstruction (2764 bytes)


---------------  P R O C E S S  ---------------

Java Threads: ( => current thread )
  0x00000000166ea000 JavaThread "pool-2-thread-4" [_thread_blocked, id=9724, stack(0x0000000017030000,0x0000000017130000)]
  0x00000000166e9800 JavaThread "pool-2-thread-3" [_thread_in_Java, id=1472, stack(0x0000000016f30000,0x0000000017030000)]
  0x00000000166d1800 JavaThread "pool-2-thread-2" [_thread_in_Java, id=10036, stack(0x0000000016e30000,0x0000000016f30000)]
  0x00000000166d2800 JavaThread "pool-3-thread-1" [_thread_blocked, id=9496, stack(0x0000000016d30000,0x0000000016e30000)]
  0x00000000166ab800 JavaThread "pool-2-thread-1" [_thread_in_Java, id=8508, stack(0x0000000016c30000,0x0000000016d30000)]
  0x000000001648f000 JavaThread "Service Thread" daemon [_thread_blocked, id=9176, stack(0x0000000016a30000,0x0000000016b30000)]
  0x0000000016489800 JavaThread "C1 CompilerThread2" daemon [_thread_blocked, id=9716, stack(0x0000000016930000,0x0000000016a30000)]
  0x0000000016431000 JavaThread "C2 CompilerThread1" daemon [_thread_in_native, id=5820, stack(0x0000000016830000,0x0000000016930000)]
=>0x0000000014e3e000 JavaThread "C2 CompilerThread0" daemon [_thread_in_native, id=4656, stack(0x0000000016330000,0x0000000016430000)]
  0x0000000014e3a800 JavaThread "Attach Listener" daemon [_thread_blocked, id=9152, stack(0x0000000016230000,0x0000000016330000)]
  0x0000000014df0000 JavaThread "Signal Dispatcher" daemon [_thread_blocked, id=716, stack(0x0000000016130000,0x0000000016230000)]
  0x0000000014dca800 JavaThread "Finalizer" daemon [_thread_blocked, id=9544, stack(0x0000000016030000,0x0000000016130000)]
  0x0000000002701000 JavaThread "Reference Handler" daemon [_thread_blocked, id=2932, stack(0x0000000015f30000,0x0000000016030000)]
  0x000000000250d800 JavaThread "main" [_thread_blocked, id=9384, stack(0x0000000002510000,0x0000000002610000)]

Other Threads:
  0x0000000014da7800 VMThread [stack: 0x0000000015e30000,0x0000000015f30000] [id=3916]
  0x00000000164d9000 WatcherThread [stack: 0x0000000016b30000,0x0000000016c30000] [id=7224]

VM state:not at safepoint (normal execution)

VM Mutex/Monitor currently owned by a thread: None

Heap:
 PSYoungGen      total 37888K, used 15026K [0x00000000eab00000, 0x00000000ed500000, 0x0000000100000000)
  eden space 32768K, 30% used [0x00000000eab00000,0x00000000eb4ad8c8,0x00000000ecb00000)
  from space 5120K, 99% used [0x00000000ecb00000,0x00000000ecfff2f0,0x00000000ed000000)
  to   space 5120K, 0% used [0x00000000ed000000,0x00000000ed000000,0x00000000ed500000)
 ParOldGen       total 86016K, used 1329K [0x00000000c0000000, 0x00000000c5400000, 0x00000000eab00000)
  object space 86016K, 1% used [0x00000000c0000000,0x00000000c014c6a0,0x00000000c5400000)
 Metaspace       used 6141K, capacity 7030K, committed 7296K, reserved 1056768K
  class space    used 607K, capacity 622K, committed 640K, reserved 1048576K

Card table byte_map: [0x0000000011ad0000,0x0000000011ce0000] byte_map_base: 0x00000000114d0000

Marking Bits: (ParMarkBitMap*) 0x0000000062390600
 Begin Bits: [0x0000000012240000, 0x0000000013240000)
 End Bits:   [0x0000000013240000, 0x0000000014240000)

Polling page: 0x00000000001f0000

CodeCache: size=245760Kb used=5452Kb max_used=5452Kb free=240307Kb
 bounds [0x0000000002710000, 0x0000000002c70000, 0x0000000011710000]
 total_blobs=1609 nmethods=1338 adapters=184
 compilation: enabled

Compilation events (10 events):
Event: 1.014 Thread 0x0000000016489800 1340       3       java.util.HashMap$HashIterator::nextNode (100 bytes)
Event: 1.015 Thread 0x0000000016489800 nmethod 1340 0x0000000002c65090 code [0x0000000002c65240, 0x0000000002c65718]
Event: 1.015 Thread 0x0000000016489800 1341       3       java.util.HashMap$EntryIterator::next (5 bytes)
Event: 1.015 Thread 0x0000000016489800 nmethod 1341 0x0000000002c65950 code [0x0000000002c65ac0, 0x0000000002c65da8]
Event: 1.015 Thread 0x0000000016489800 1342       3       com.android.dx.cf.code.ConcreteMethod::getMaxLocals (8 bytes)
Event: 1.015 Thread 0x0000000016489800 nmethod 1342 0x0000000002c65e50 code [0x0000000002c65fa0, 0x0000000002c66190]
Event: 1.015 Thread 0x0000000016489800 1343       3       com.android.dx.cf.code.Simulator$SimVisitor::visitBranch (341 bytes)
Event: 1.016 Thread 0x0000000016489800 nmethod 1343 0x0000000002c66250 code [0x0000000002c664e0, 0x0000000002c675c8]
Event: 1.016 Thread 0x0000000016489800 1344       3       com.android.dx.cf.code.BaseMachine::auxTargetArg (6 bytes)
Event: 1.016 Thread 0x0000000016489800 nmethod 1344 0x0000000002c3ea10 code [0x0000000002c3eb60, 0x0000000002c3ecb0]

GC Heap History (2 events):
Event: 0.853 GC heap before
{Heap before GC invocations=1 (full 0):
 PSYoungGen      total 37888K, used 32768K [0x00000000eab00000, 0x00000000ed500000, 0x0000000100000000)
  eden space 32768K, 100% used [0x00000000eab00000,0x00000000ecb00000,0x00000000ecb00000)
  from space 5120K, 0% used [0x00000000ed000000,0x00000000ed000000,0x00000000ed500000)
  to   space 5120K, 0% used [0x00000000ecb00000,0x00000000ecb00000,0x00000000ed000000)
 ParOldGen       total 86016K, used 0K [0x00000000c0000000, 0x00000000c5400000, 0x00000000eab00000)
  object space 86016K, 0% used [0x00000000c0000000,0x00000000c0000000,0x00000000c5400000)
 Metaspace       used 6057K, capacity 6964K, committed 7040K, reserved 1056768K
  class space    used 605K, capacity 620K, committed 640K, reserved 1048576K
Event: 0.865 GC heap after
Heap after GC invocations=1 (full 0):
 PSYoungGen      total 37888K, used 5116K [0x00000000eab00000, 0x00000000ed500000, 0x0000000100000000)
  eden space 32768K, 0% used [0x00000000eab00000,0x00000000eab00000,0x00000000ecb00000)
  from space 5120K, 99% used [0x00000000ecb00000,0x00000000ecfff2f0,0x00000000ed000000)
  to   space 5120K, 0% used [0x00000000ed000000,0x00000000ed000000,0x00000000ed500000)
 ParOldGen       total 86016K, used 1329K [0x00000000c0000000, 0x00000000c5400000, 0x00000000eab00000)
  object space 86016K, 1% used [0x00000000c0000000,0x00000000c014c6a0,0x00000000c5400000)
 Metaspace       used 6057K, capacity 6964K, committed 7040K, reserved 1056768K
  class space    used 605K, capacity 620K, committed 640K, reserved 1048576K
}

Deoptimization events (10 events):
Event: 0.951 Thread 0x00000000166ab800 Uncommon trap: reason=unstable_if action=reinterpret pc=0x00000000029ac0e4 method=com.android.dx.rop.code.RegisterSpec.equals(ILcom/android/dx/rop/type/TypeBearer;Lcom/android/dx/rop/code/LocalItem;)Z @ 16
Event: 0.954 Thread 0x00000000166ab800 Uncommon trap: reason=unstable_if action=reinterpret pc=0x0000000002a90fdc method=com.android.dx.rop.cst.Constant.compareTo(Lcom/android/dx/rop/cst/Constant;)I @ 12
Event: 0.979 Thread 0x00000000166d1800 Uncommon trap: reason=unstable_if action=reinterpret pc=0x0000000002b58178 method=com.android.dx.cf.code.Ropper.labelToResultIndex(I)I @ 34
Event: 0.980 Thread 0x00000000166d1800 Uncommon trap: reason=unstable_if action=reinterpret pc=0x0000000002c0a450 method=com.android.dx.util.LabeledList.set(ILcom/android/dx/util/LabeledItem;)V @ 16
Event: 0.982 Thread 0x00000000166d1800 Uncommon trap: reason=unstable_if action=reinterpret pc=0x0000000002c0c2e0 method=com.android.dx.util.LabeledList.set(ILcom/android/dx/util/LabeledItem;)V @ 16
Event: 1.006 Thread 0x00000000166d1800 Uncommon trap: reason=class_check action=maybe_recompile pc=0x0000000002b62bc8 method=java.util.HashMap.putVal(ILjava/lang/Object;Ljava/lang/Object;ZZ)Ljava/lang/Object; @ 203
Event: 1.006 Thread 0x00000000166d1800 Uncommon trap: reason=bimorphic action=maybe_recompile pc=0x0000000002c3dd50 method=java.util.HashMap.getNode(ILjava/lang/Object;)Ljava/util/HashMap$Node; @ 126
Event: 1.007 Thread 0x00000000166d1800 Uncommon trap: reason=bimorphic action=maybe_recompile pc=0x0000000002c3dd50 method=java.util.HashMap.getNode(ILjava/lang/Object;)Ljava/util/HashMap$Node; @ 126
Event: 1.011 Thread 0x00000000166e9800 Uncommon trap: reason=unstable_if action=reinterpret pc=0x0000000002a1eb6c method=com.android.dx.rop.code.RegisterSpecSet.put(Lcom/android/dx/rop/code/RegisterSpec;)V @ 77
Event: 1.011 Thread 0x00000000166e9800 Uncommon trap: reason=unstable_if action=reinterpret pc=0x0000000002a809e0 method=com.android.dx.rop.code.RegisterSpecSet.put(Lcom/android/dx/rop/code/RegisterSpec;)V @ 77

Internal exceptions (3 events):
Event: 0.020 Thread 0x000000000250d800 Exception <a 'java/lang/NoSuchMethodError': Method sun.misc.Unsafe.defineClass(Ljava/lang/String;[BII)Ljava/lang/Class; name or signature does not match> (0x00000000eab07cc0) thrown at [D:\re\workspace\8-2-build-windows-amd64-cygwin\jdk8u77\6540\hotspot\srô8
Event: 0.020 Thread 0x000000000250d800 Exception <a 'java/lang/NoSuchMethodError': Method sun.misc.Unsafe.prefetchRead(Ljava/lang/Object;J)V name or signature does not match> (0x00000000eab07fa8) thrown at [D:\re\workspace\8-2-build-windows-amd64-cygwin\jdk8u77\6540\hotspot\src\share\vm\prims\j½”ù7ú?è?
Event: 0.758 Thread 0x00000000166d1800 Implicit null exception at 0x0000000002b58562 to 0x0000000002b5865a

Events (10 events):
Event: 1.006 Thread 0x00000000166d1800 DEOPT UNPACKING pc=0x000000000275582a sp=0x0000000016f2e720 mode 2
Event: 1.006 Thread 0x00000000166d1800 Uncommon trap: trap_request=0xffffffc6 fr.pc=0x0000000002c3dd50
Event: 1.007 Thread 0x00000000166d1800 DEOPT PACKING pc=0x0000000002c3dd50 sp=0x0000000016f2e7a0
Event: 1.007 Thread 0x00000000166d1800 DEOPT UNPACKING pc=0x000000000275582a sp=0x0000000016f2e720 mode 2
Event: 1.011 Thread 0x00000000166e9800 Uncommon trap: trap_request=0xffffff65 fr.pc=0x0000000002a1eb6c
Event: 1.011 Thread 0x00000000166e9800 DEOPT PACKING pc=0x0000000002a1eb6c sp=0x000000001702e7c0
Event: 1.011 Thread 0x00000000166e9800 DEOPT UNPACKING pc=0x000000000275582a sp=0x000000001702e748 mode 2
Event: 1.011 Thread 0x00000000166e9800 Uncommon trap: trap_request=0xffffff65 fr.pc=0x0000000002a809e0
Event: 1.011 Thread 0x00000000166e9800 DEOPT PACKING pc=0x0000000002a809e0 sp=0x000000001702e7b0
Event: 1.011 Thread 0x00000000166e9800 DEOPT UNPACKING pc=0x000000000275582a sp=0x000000001702e6d0 mode 2


Dynamic libraries:
0x00007ff782f50000 - 0x00007ff782f87000 	C:\Program Files\Java\jdk1.8.0_77\bin\java.exe
0x00007fff86980000 - 0x00007fff86b41000 	C:\WINDOWS\SYSTEM32\ntdll.dll
0x00007fff86760000 - 0x00007fff8680d000 	C:\WINDOWS\system32\KERNEL32.DLL
0x00007fff834b0000 - 0x00007fff83698000 	C:\WINDOWS\system32\KERNELBASE.dll
0x00007fff85b10000 - 0x00007fff85bb7000 	C:\WINDOWS\system32\ADVAPI32.dll
0x00007fff86380000 - 0x00007fff8641d000 	C:\WINDOWS\system32\msvcrt.dll
0x00007fff86420000 - 0x00007fff8647b000 	C:\WINDOWS\system32\sechost.dll
0x00007fff83fe0000 - 0x00007fff840fc000 	C:\WINDOWS\system32\RPCRT4.dll
0x00007fff85ec0000 - 0x00007fff86016000 	C:\WINDOWS\system32\USER32.dll
0x00007fff86020000 - 0x00007fff861a6000 	C:\WINDOWS\system32\GDI32.dll
0x00007fff70e10000 - 0x00007fff71084000 	C:\WINDOWS\WinSxS\amd64_microsoft.windows.common-controls_6595b64144ccf1df_6.0.10586.0_none_8c15ae12515e1c22\COMCTL32.dll
0x00007fff85c30000 - 0x00007fff85ead000 	C:\WINDOWS\system32\combase.dll
0x00007fff83420000 - 0x00007fff8348a000 	C:\WINDOWS\system32\bcryptPrimitives.dll
0x00007fff86810000 - 0x00007fff8684b000 	C:\WINDOWS\system32\IMM32.DLL
0x0000000061aa0000 - 0x0000000061b72000 	C:\Program Files\Java\jdk1.8.0_77\jre\bin\msvcr100.dll
0x0000000061b80000 - 0x0000000062410000 	C:\Program Files\Java\jdk1.8.0_77\jre\bin\server\jvm.dll
0x00007fff85eb0000 - 0x00007fff85eb8000 	C:\WINDOWS\system32\PSAPI.DLL
0x00007fff81220000 - 0x00007fff81243000 	C:\WINDOWS\SYSTEM32\WINMM.dll
0x00007fff78e30000 - 0x00007fff78e3a000 	C:\WINDOWS\SYSTEM32\VERSION.dll
0x00007fff80760000 - 0x00007fff80769000 	C:\WINDOWS\SYSTEM32\WSOCK32.dll
0x00007fff85bc0000 - 0x00007fff85c2b000 	C:\WINDOWS\system32\WS2_32.dll
0x00007fff811c0000 - 0x00007fff811ec000 	C:\WINDOWS\SYSTEM32\WINMMBASE.dll
0x00007fff83200000 - 0x00007fff83243000 	C:\WINDOWS\system32\cfgmgr32.dll
0x0000000061a90000 - 0x0000000061a9f000 	C:\Program Files\Java\jdk1.8.0_77\jre\bin\verify.dll
0x0000000061a60000 - 0x0000000061a89000 	C:\Program Files\Java\jdk1.8.0_77\jre\bin\java.dll
0x0000000061a40000 - 0x0000000061a56000 	C:\Program Files\Java\jdk1.8.0_77\jre\bin\zip.dll
0x00007fff84530000 - 0x00007fff85a8c000 	C:\WINDOWS\system32\SHELL32.dll
0x00007fff836a0000 - 0x00007fff83ce5000 	C:\WINDOWS\system32\windows.storage.dll
0x00007fff86630000 - 0x00007fff86682000 	C:\WINDOWS\system32\shlwapi.dll
0x00007fff83020000 - 0x00007fff8302f000 	C:\WINDOWS\system32\kernel.appcore.dll
0x00007fff83030000 - 0x00007fff830e5000 	C:\WINDOWS\system32\shcore.dll
0x00007fff82fc0000 - 0x00007fff8300b000 	C:\WINDOWS\system32\powrprof.dll
0x00007fff82fa0000 - 0x00007fff82fb4000 	C:\WINDOWS\system32\profapi.dll

VM Arguments:
jvm_args: -Djava.awt.headless=true -Xmx1024M -Dfile.encoding=GBK -Duser.country=CN -Duser.language=zh -Duser.variant 
java_command: com.android.dx.command.Main --dex --force-jumbo --num-threads=4 --multi-dex --output D:\as_workspace\kechengpai\Ketangpai\app\build\intermediates\transforms\dex\debug\folders\1000\10\com.android.support-design-23.1.1_605c890c25b91c2c494e022a8845920380d13ee3 D:\as_workspace\kechengpai\Ketangpai\app\build\intermediates\exploded-aar\com.android.support\design\23.1.1\jars\classes.jar
java_class_path (initial): D:\android\android-sdk-as\build-tools\23.0.2\lib\dx.jar
Launcher Type: SUN_STANDARD

Environment Variables:
JAVA_HOME=C:\Program Files\Java\jdk1.8.0_77
CLASSPATH=.;C:\Program Files\Java\jdk1.8.0_77\lib;C:\Program Files\Java\jdk1.8.0_77\lib\tools.jar
PATH=C:\ProgramData\Oracle\Java\javapath;C:\WINDOWS\system32;C:\WINDOWS;C:\WINDOWS\System32\Wbem;C:\WINDOWS\System32\WindowsPowerShell\v1.0\;C:\Program Files\Git\cmd;C:\kuai;C:\Program Files\Java\jdk1.8.0_77\bin;C:\Program Files\Java\jdk1.8.0_77\jre\bin
USERNAME=Administrator
OS=Windows_NT
PROCESSOR_IDENTIFIER=Intel64 Family 6 Model 60 Stepping 3, GenuineIntel



---------------  S Y S T E M  ---------------

OS: Windows 10.0 , 64 bit Build 10586 (10.0.10586.0)

CPU:total 4 (2 cores per cpu, 2 threads per core) family 6 model 60 stepping 3, cmov, cx8, fxsr, mmx, sse, sse2, sse3, ssse3, sse4.1, sse4.2, popcnt, avx, avx2, aes, clmul, erms, lzcnt, ht, tsc, tscinvbit, bmi1, bmi2

Memory: 4k page, physical 8256852k(646140k free), swap 14751384k(6184k free)

vm_info: Java HotSpot(TM) 64-Bit Server VM (25.77-b03) for windows-amd64 JRE (1.8.0_77-b03), built on Mar 20 2016 22:01:33 by "java_re" with MS VC++ 10.0 (VS2010)

time: Fri Apr 15 17:07:19 2016
elapsed time: 1 seconds (0d 0h 0m 1s)

