#
# There is insufficient memory for the Java Runtime Environment to continue.
# Native memory allocation (malloc) failed to allocate 32744 bytes for ChunkPool::allocate
# Possible reasons:
#   The system is out of physical RAM or swap space
#   In 32 bit mode, the process size limit was hit
# Possible solutions:
#   Reduce memory load on the system
#   Increase physical memory or swap space
#   Check if swap backing store is full
#   Use 64 bit Java on a 64 bit OS
#   Decrease Java heap size (-Xmx/-Xms)
#   Decrease number of Java threads
#   Decrease Java thread stack sizes (-Xss)
#   Set larger code cache with -XX:ReservedCodeCacheSize=
# This output file may be truncated or incomplete.
#
#  Out of Memory Error (allocation.cpp:273), pid=8560, tid=9340
#
# JRE version: Java(TM) SE Runtime Environment (8.0_77-b03) (build 1.8.0_77-b03)
# Java VM: Java HotSpot(TM) 64-Bit Server VM (25.77-b03 mixed mode windows-amd64 compressed oops)
# Failed to write core dump. Minidumps are not enabled by default on client versions of Windows
#

---------------  T H R E A D  ---------------

Current thread (0x0000000016524800):  JavaThread "C2 CompilerThread1" daemon [_thread_in_native, id=9340, stack(0x0000000016920000,0x0000000016a20000)]

Stack: [0x0000000016920000,0x0000000016a20000]
[error occurred during error reporting (printing stack bounds), id 0xc0000005]

Native frames: (J=compiled Java code, j=interpreted, Vv=VM code, C=native code)


Current CompileTask:
C2:    402  524   !   4       com.android.dx.cf.cst.ConstantPoolParser::parse0 (731 bytes)


---------------  P R O C E S S  ---------------

Java Threads: ( => current thread )
  0x00000000167ac000 JavaThread "pool-2-thread-4" [_thread_blocked, id=356, stack(0x0000000017120000,0x0000000017220000)]
  0x00000000167a6800 JavaThread "pool-2-thread-3" [_thread_blocked, id=2744, stack(0x0000000017020000,0x0000000017120000)]
  0x00000000166d9800 JavaThread "pool-2-thread-2" [_thread_blocked, id=1488, stack(0x0000000016f20000,0x0000000017020000)]
  0x000000001669d800 JavaThread "pool-3-thread-1" [_thread_blocked, id=7676, stack(0x0000000016e20000,0x0000000016f20000)]
  0x000000001669d000 JavaThread "pool-2-thread-1" [_thread_blocked, id=9740, stack(0x0000000016d20000,0x0000000016e20000)]
  0x00000000165b1000 JavaThread "Service Thread" daemon [_thread_blocked, id=9352, stack(0x0000000016b20000,0x0000000016c20000)]
  0x000000001654a800 JavaThread "C1 CompilerThread2" daemon [_thread_in_native, id=4912, stack(0x0000000016a20000,0x0000000016b20000)]
=>0x0000000016524800 JavaThread "C2 CompilerThread1" daemon [_thread_in_native, id=9340, stack(0x0000000016920000,0x0000000016a20000)]
  0x0000000014f2e000 JavaThread "C2 CompilerThread0" daemon [_thread_in_native, id=1388, stack(0x0000000016420000,0x0000000016520000)]
  0x0000000014f2b800 JavaThread "Attach Listener" daemon [_thread_blocked, id=3608, stack(0x0000000016320000,0x0000000016420000)]
  0x0000000014ede800 JavaThread "Signal Dispatcher" daemon [_thread_blocked, id=1124, stack(0x0000000016220000,0x0000000016320000)]
  0x00000000026fa000 JavaThread "Finalizer" daemon [_thread_blocked, id=9256, stack(0x0000000016120000,0x0000000016220000)]
  0x00000000026ef000 JavaThread "Reference Handler" daemon [_thread_blocked, id=3924, stack(0x0000000016020000,0x0000000016120000)]
  0x00000000027fd800 JavaThread "main" [_thread_blocked, id=8624, stack(0x0000000002120000,0x0000000002220000)]

Other Threads:
  0x0000000014e97800 VMThread [stack: 0x0000000015f20000,0x0000000016020000] [id=7264]
  0x00000000165e4800 WatcherThread [stack: 0x0000000016c20000,0x0000000016d20000] [id=4124]

VM state:at safepoint (normal execution)

VM Mutex/Monitor currently owned by a thread:  ([mutex/lock_event])
[0x00000000027fcd70] Threads_lock - owner thread: 0x0000000014e97800
[0x00000000027fd1f0] Heap_lock - owner thread: 0x00000000167ac000
[0x0000000002601050] MethodData_lock - owner thread: 0x00000000167ac000

Heap:
 PSYoungGen      total 37888K, used 12072K [0x00000000eab00000, 0x00000000ed500000, 0x0000000100000000)
  eden space 32768K, 36% used [0x00000000eab00000,0x00000000eb6ca3f0,0x00000000ecb00000)
  from space 5120K, 0% used [0x00000000ed000000,0x00000000ed000000,0x00000000ed500000)
  to   space 5120K, 0% used [0x00000000ecb00000,0x00000000ecb00000,0x00000000ed000000)
 ParOldGen       total 86016K, used 0K [0x00000000c0000000, 0x00000000c5400000, 0x00000000eab00000)
  object space 86016K, 0% used [0x00000000c0000000,0x00000000c0000000,0x00000000c5400000)
 Metaspace       used 5332K, capacity 6448K, committed 6528K, reserved 1060864K
  class space    used 577K, capacity 616K, committed 640K, reserved 1048576K

Card table byte_map: [0x0000000011bc0000,0x0000000011dd0000] byte_map_base: 0x00000000115c0000

Marking Bits: (ParMarkBitMap*) 0x0000000062390600
 Begin Bits: [0x0000000012330000, 0x0000000013330000)
 End Bits:   [0x0000000013330000, 0x0000000014330000)

Polling page: 0x00000000001f0000

CodeCache: size=245760Kb used=2112Kb max_used=2123Kb free=243647Kb
 bounds [0x0000000002800000, 0x0000000002a70000, 0x0000000011800000]
 total_blobs=760 nmethods=497 adapters=176
 compilation: enabled

Compilation events (10 events):
Event: 0.386 Thread 0x000000001654a800 nmethod 491 0x0000000002a0ff90 code [0x0000000002a10100, 0x0000000002a10328]
Event: 0.388 Thread 0x000000001654a800  495       3       com.android.dx.cf.code.BasicBlocker::addWorkIfNecessary (32 bytes)
Event: 0.388 Thread 0x000000001654a800 nmethod 495 0x0000000002a10410 code [0x0000000002a105a0, 0x0000000002a10970]
Event: 0.389 Thread 0x000000001654a800  499   !   3       com.android.dx.util.IntList::set (53 bytes)
Event: 0.389 Thread 0x000000001654a800 nmethod 499 0x0000000002a10c90 code [0x0000000002a10e40, 0x0000000002a113e8]
Event: 0.389 Thread 0x000000001654a800  497   !   3       com.android.dx.cf.code.BytecodeArray::parseInstruction (2764 bytes)
Event: 0.390 Thread 0x0000000014f2e000  501       4       com.android.dx.util.Bits::set (19 bytes)
Event: 0.391 Thread 0x0000000014f2e000 nmethod 501 0x0000000002a09750 code [0x0000000002a09880, 0x0000000002a09918]
Event: 0.398 Thread 0x0000000014f2e000  523       4       java.util.ArrayList::add (29 bytes)
Event: 0.398 Thread 0x0000000016524800  524   !   4       com.android.dx.cf.cst.ConstantPoolParser::parse0 (731 bytes)

GC Heap History (0 events):
No events

Deoptimization events (1 events):
Event: 0.398 Thread 0x00000000166d9800 Uncommon trap: reason=unstable_if action=reinterpret pc=0x00000000029f5dbc method=java.util.HashMap.getNode(ILjava/lang/Object;)Ljava/util/HashMap$Node; @ 62

Internal exceptions (2 events):
Event: 0.029 Thread 0x00000000027fd800 Exception <a 'java/lang/NoSuchMethodError': Method sun.misc.Unsafe.defineClass(Ljava/lang/String;[BII)Ljava/lang/Class; name or signature does not match> (0x00000000eab07cc0) thrown at [D:\re\workspace\8-2-build-windows-amd64-cygwin\jdk8u77\6540\hotspot\sr˛Öôî©√ù?
Event: 0.029 Thread 0x00000000027fd800 Exception <a 'java/lang/NoSuchMethodError': Method sun.misc.Unsafe.prefetchRead(Ljava/lang/Object;J)V name or signature does not match> (0x00000000eab07fa8) thrown at [D:\re\workspace\8-2-build-windows-amd64-cygwin\jdk8u77\6540\hotspot\src\share\vm\prims\j

Events (10 events):
Event: 0.386 loading class com/android/dx/dex/file/DebugInfoItem done
Event: 0.387 loading class com/android/dx/rop/annotation/AnnotationsList
Event: 0.387 loading class com/android/dx/rop/annotation/AnnotationsList done
Event: 0.387 loading class com/android/dx/dex/file/MethodIdItem
Event: 0.387 loading class com/android/dx/dex/file/MethodIdItem done
Event: 0.388 loading class com/android/dx/cf/code/SwitchList
Event: 0.388 loading class com/android/dx/cf/code/SwitchList done
Event: 0.398 Thread 0x00000000166d9800 Uncommon trap: trap_request=0xffffff65 fr.pc=0x00000000029f5dbc
Event: 0.398 Thread 0x00000000166d9800 DEOPT PACKING pc=0x00000000029f5dbc sp=0x000000001701e7e0
Event: 0.398 Thread 0x00000000166d9800 DEOPT UNPACKING pc=0x000000000284582a sp=0x000000001701e758 mode 2


Dynamic libraries:
0x00007ff782f50000 - 0x00007ff782f87000 	C:\Program Files\Java\jdk1.8.0_77\bin\java.exe
0x00007fff86980000 - 0x00007fff86b41000 	C:\WINDOWS\SYSTEM32\ntdll.dll
0x00007fff86760000 - 0x00007fff8680d000 	C:\WINDOWS\system32\KERNEL32.DLL
0x00007fff834b0000 - 0x00007fff83698000 	C:\WINDOWS\system32\KERNELBASE.dll
0x00007fff85b10000 - 0x00007fff85bb7000 	C:\WINDOWS\system32\ADVAPI32.dll
0x00007fff86380000 - 0x00007fff8641d000 	C:\WINDOWS\system32\msvcrt.dll
0x00007fff86420000 - 0x00007fff8647b000 	C:\WINDOWS\system32\sechost.dll
0x00007fff83fe0000 - 0x00007fff840fc000 	C:\WINDOWS\system32\RPCRT4.dll
0x00007fff85ec0000 - 0x00007fff86016000 	C:\WINDOWS\system32\USER32.dll
0x00007fff86020000 - 0x00007fff861a6000 	C:\WINDOWS\system32\GDI32.dll
0x00007fff70e10000 - 0x00007fff71084000 	C:\WINDOWS\WinSxS\amd64_microsoft.windows.common-controls_6595b64144ccf1df_6.0.10586.0_none_8c15ae12515e1c22\COMCTL32.dll
0x00007fff85c30000 - 0x00007fff85ead000 	C:\WINDOWS\system32\combase.dll
0x00007fff83420000 - 0x00007fff8348a000 	C:\WINDOWS\system32\bcryptPrimitives.dll
0x00007fff86810000 - 0x00007fff8684b000 	C:\WINDOWS\system32\IMM32.DLL
0x0000000061aa0000 - 0x0000000061b72000 	C:\Program Files\Java\jdk1.8.0_77\jre\bin\msvcr100.dll
0x0000000061b80000 - 0x0000000062410000 	C:\Program Files\Java\jdk1.8.0_77\jre\bin\server\jvm.dll
0x00007fff85eb0000 - 0x00007fff85eb8000 	C:\WINDOWS\system32\PSAPI.DLL
0x00007fff78e30000 - 0x00007fff78e3a000 	C:\WINDOWS\SYSTEM32\VERSION.dll
0x00007fff81220000 - 0x00007fff81243000 	C:\WINDOWS\SYSTEM32\WINMM.dll
0x00007fff80760000 - 0x00007fff80769000 	C:\WINDOWS\SYSTEM32\WSOCK32.dll
0x00007fff85bc0000 - 0x00007fff85c2b000 	C:\WINDOWS\system32\WS2_32.dll
0x00007fff811c0000 - 0x00007fff811ec000 	C:\WINDOWS\SYSTEM32\WINMMBASE.dll
0x00007fff83200000 - 0x00007fff83243000 	C:\WINDOWS\system32\cfgmgr32.dll
0x0000000061a90000 - 0x0000000061a9f000 	C:\Program Files\Java\jdk1.8.0_77\jre\bin\verify.dll
0x0000000061a60000 - 0x0000000061a89000 	C:\Program Files\Java\jdk1.8.0_77\jre\bin\java.dll
0x0000000061a40000 - 0x0000000061a56000 	C:\Program Files\Java\jdk1.8.0_77\jre\bin\zip.dll
0x00007fff84530000 - 0x00007fff85a8c000 	C:\WINDOWS\system32\SHELL32.dll
0x00007fff836a0000 - 0x00007fff83ce5000 	C:\WINDOWS\system32\windows.storage.dll
0x00007fff86630000 - 0x00007fff86682000 	C:\WINDOWS\system32\shlwapi.dll
0x00007fff83020000 - 0x00007fff8302f000 	C:\WINDOWS\system32\kernel.appcore.dll
0x00007fff83030000 - 0x00007fff830e5000 	C:\WINDOWS\system32\shcore.dll
0x00007fff82fc0000 - 0x00007fff8300b000 	C:\WINDOWS\system32\powrprof.dll
0x00007fff82fa0000 - 0x00007fff82fb4000 	C:\WINDOWS\system32\profapi.dll

VM Arguments:
jvm_args: -Djava.awt.headless=true -Xmx1024M -Dfile.encoding=GBK -Duser.country=CN -Duser.language=zh -Duser.variant 
java_command: com.android.dx.command.Main --dex --force-jumbo --num-threads=4 --multi-dex --output D:\as_workspace\kechengpai\Ketangpai\app\build\intermediates\transforms\dex\debug\folders\1000\5\slice_2 D:\as_workspace\kechengpai\Ketangpai\app\build\intermediates\transforms\instantRunSlicer\debug\folders\1\5\slice_2
java_class_path (initial): D:\android\android-sdk-as\build-tools\23.0.2\lib\dx.jar
Launcher Type: SUN_STANDARD

Environment Variables:
JAVA_HOME=C:\Program Files\Java\jdk1.8.0_77
CLASSPATH=.;C:\Program Files\Java\jdk1.8.0_77\lib;C:\Program Files\Java\jdk1.8.0_77\lib\tools.jar
PATH=C:\ProgramData\Oracle\Java\javapath;C:\WINDOWS\system32;C:\WINDOWS;C:\WINDOWS\System32\Wbem;C:\WINDOWS\System32\WindowsPowerShell\v1.0\;C:\Program Files\Git\cmd;C:\kuai;C:\Program Files\Java\jdk1.8.0_77\bin;C:\Program Files\Java\jdk1.8.0_77\jre\bin
USERNAME=Administrator
OS=Windows_NT
PROCESSOR_IDENTIFIER=Intel64 Family 6 Model 60 Stepping 3, GenuineIntel



---------------  S Y S T E M  ---------------

OS: Windows 10.0 , 64 bit Build 10586 (10.0.10586.0)

CPU:total 4 (2 cores per cpu, 2 threads per core) family 6 model 60 stepping 3, cmov, cx8, fxsr, mmx, sse, sse2, sse3, ssse3, sse4.1, sse4.2, popcnt, avx, avx2, aes, clmul, erms, lzcnt, ht, tsc, tscinvbit, bmi1, bmi2

Memory: 4k page, physical 8256852k(357368k free), swap 14751384k(2228k free)

vm_info: Java HotSpot(TM) 64-Bit Server VM (25.77-b03) for windows-amd64 JRE (1.8.0_77-b03), built on Mar 20 2016 22:01:33 by "java_re" with MS VC++ 10.0 (VS2010)

time: Fri Apr 15 17:07:13 2016
elapsed time: 0 seconds (0d 0h 0m 0s)

